2024-03-24 11:13:00,029 1
2024-03-24 11:13:00,029 2
2024-03-24 11:13:00,029 3
2024-03-24 11:13:00,029 4
2024-03-24 11:13:00,029 5
2024-03-24 11:13:00,029 [6, 7, 8, 9]
2024-03-24 11:13:00,030 anurag
2024-03-24 11:13:00,030 arunendra
2024-03-24 11:13:00,030 naina
2024-03-24 11:13:00,030 prachi
2024-03-24 11:13:49,167 1
2024-03-24 11:13:49,167 2
2024-03-24 11:13:49,167 3
2024-03-24 11:13:49,167 4
2024-03-24 11:13:49,168 5
2024-03-24 11:13:49,168 [6, 7, 8, 9]
2024-03-24 11:13:49,168 anurag
2024-03-24 11:13:49,168 arunendra
2024-03-24 11:13:49,168 naina
2024-03-24 11:13:49,168 prachi
2024-03-24 11:15:23,160 this operation is for interger
2024-03-24 11:15:23,160 this operation is for interger
2024-03-24 11:15:23,160 this operation is for interger
2024-03-24 11:15:23,169 this operation is for interger
2024-03-24 11:15:23,169 this operation is for interger
2024-03-24 11:15:23,169 this operation is for interger
2024-03-24 11:15:23,169 this operation is for interger
2024-03-24 11:15:23,169 this operation is for interger
2024-03-24 11:15:23,169 this operation is for interger
2024-03-24 11:15:23,169 this operation is for interger
2024-03-24 11:17:25,769 this operation is for interger
2024-03-24 11:17:25,769 this operation is for interger
2024-03-24 11:17:25,769 this operation is for interger
2024-03-24 11:17:25,769 this operation is for interger
2024-03-24 11:17:25,769 this operation is for interger
2024-03-24 11:17:25,769 this operation is for interger
2024-03-24 11:17:25,769 i am inside if statement and i am check list type
2024-03-24 11:17:25,770 this operation is for interger
2024-03-24 11:17:25,770 this operation is for interger
2024-03-24 11:17:25,770 this operation is for interger
2024-03-24 11:17:25,770 this operation is for interger
2024-03-24 11:21:03,849 this operation is for interger[1, 2, 3, 4, 5, [6, 7, 8, 9], 'anurag', 'arunendra', 'naina', 'prachi']
2024-03-24 11:21:03,849 this operation is for interger[1, 2, 3, 4, 5, [6, 7, 8, 9], 'anurag', 'arunendra', 'naina', 'prachi']
2024-03-24 11:21:03,849 this operation is for interger[1, 2, 3, 4, 5, [6, 7, 8, 9], 'anurag', 'arunendra', 'naina', 'prachi']
2024-03-24 11:21:03,849 this operation is for interger[1, 2, 3, 4, 5, [6, 7, 8, 9], 'anurag', 'arunendra', 'naina', 'prachi']
2024-03-24 11:21:03,849 this operation is for interger[1, 2, 3, 4, 5, [6, 7, 8, 9], 'anurag', 'arunendra', 'naina', 'prachi']
2024-03-24 11:21:03,851 this operation is for interger[1, 2, 3, 4, 5, [6, 7, 8, 9], 'anurag', 'arunendra', 'naina', 'prachi']
2024-03-24 11:21:03,851 i am inside if statement and i am check list type
2024-03-24 11:21:03,851 this operation is for interger[1, 2, 3, 4, 5, [6, 7, 8, 9], 'anurag', 'arunendra', 'naina', 'prachi']
2024-03-24 11:21:03,851 this operation is for interger[1, 2, 3, 4, 5, [6, 7, 8, 9], 'anurag', 'arunendra', 'naina', 'prachi']
2024-03-24 11:21:03,851 this operation is for interger[1, 2, 3, 4, 5, [6, 7, 8, 9], 'anurag', 'arunendra', 'naina', 'prachi']
2024-03-24 11:21:03,851 this operation is for interger[1, 2, 3, 4, 5, [6, 7, 8, 9], 'anurag', 'arunendra', 'naina', 'prachi']
2024-03-24 11:24:33,439 this operation is for interger [1, 2, 3, 4, 5, [6, 7, 8, 9], 'anurag', 'arunendra', 'naina', 'prachi']
2024-03-24 11:24:33,439 this operation is for interger [1, 2, 3, 4, 5, [6, 7, 8, 9], 'anurag', 'arunendra', 'naina', 'prachi']
2024-03-24 11:24:33,439 this operation is for interger [1, 2, 3, 4, 5, [6, 7, 8, 9], 'anurag', 'arunendra', 'naina', 'prachi']
2024-03-24 11:24:33,439 this operation is for interger [1, 2, 3, 4, 5, [6, 7, 8, 9], 'anurag', 'arunendra', 'naina', 'prachi']
2024-03-24 11:24:33,440 this operation is for interger [1, 2, 3, 4, 5, [6, 7, 8, 9], 'anurag', 'arunendra', 'naina', 'prachi']
2024-03-24 11:24:33,440 this operation is for interger [1, 2, 3, 4, 5, [6, 7, 8, 9], 'anurag', 'arunendra', 'naina', 'prachi']
2024-03-24 11:24:33,440 i am inside if statement and i am check list type
2024-03-24 11:24:33,440 this operation is for interger [1, 2, 3, 4, 5, [6, 7, 8, 9], 'anurag', 'arunendra', 'naina', 'prachi']
2024-03-24 11:24:33,440 this operation is for interger [1, 2, 3, 4, 5, [6, 7, 8, 9], 'anurag', 'arunendra', 'naina', 'prachi']
2024-03-24 11:24:33,440 this operation is for interger [1, 2, 3, 4, 5, [6, 7, 8, 9], 'anurag', 'arunendra', 'naina', 'prachi']
2024-03-24 11:24:33,440 this operation is for interger [1, 2, 3, 4, 5, [6, 7, 8, 9], 'anurag', 'arunendra', 'naina', 'prachi']
2024-03-24 11:34:31,425 this operation is for interger [1, 2, 3, 4, 5, [6, 7, 8, 9], 'anurag', 'arunendra', 'naina', 'prachi']
2024-03-24 11:34:31,425 this operation is for interger [1, 2, 3, 4, 5, [6, 7, 8, 9], 'anurag', 'arunendra', 'naina', 'prachi']
2024-03-24 11:34:31,425 this operation is for interger [1, 2, 3, 4, 5, [6, 7, 8, 9], 'anurag', 'arunendra', 'naina', 'prachi']
2024-03-24 11:34:31,425 this operation is for interger [1, 2, 3, 4, 5, [6, 7, 8, 9], 'anurag', 'arunendra', 'naina', 'prachi']
2024-03-24 11:34:31,425 this operation is for interger [1, 2, 3, 4, 5, [6, 7, 8, 9], 'anurag', 'arunendra', 'naina', 'prachi']
2024-03-24 11:34:31,425 this operation is for interger [1, 2, 3, 4, 5, [6, 7, 8, 9], 'anurag', 'arunendra', 'naina', 'prachi']
2024-03-24 11:34:31,426 i am inside if statement and i am check list type
2024-03-24 11:34:31,426 this operation is for interger [1, 2, 3, 4, 5, [6, 7, 8, 9], 'anurag', 'arunendra', 'naina', 'prachi']
2024-03-24 11:34:31,426 my final resuly is for intiger list is [1, 2, 3, 4, 5, 6, 7, 8, 9] and for string list is ['anurag']
2024-03-24 11:34:31,426 this operation is for interger [1, 2, 3, 4, 5, [6, 7, 8, 9], 'anurag', 'arunendra', 'naina', 'prachi']
2024-03-24 11:34:31,426 my final resuly is for intiger list is [1, 2, 3, 4, 5, 6, 7, 8, 9] and for string list is ['anurag', 'arunendra']
2024-03-24 11:34:31,426 this operation is for interger [1, 2, 3, 4, 5, [6, 7, 8, 9], 'anurag', 'arunendra', 'naina', 'prachi']
2024-03-24 11:34:31,426 my final resuly is for intiger list is [1, 2, 3, 4, 5, 6, 7, 8, 9] and for string list is ['anurag', 'arunendra', 'naina']
2024-03-24 11:34:31,426 this operation is for interger [1, 2, 3, 4, 5, [6, 7, 8, 9], 'anurag', 'arunendra', 'naina', 'prachi']
2024-03-24 11:34:31,426 my final resuly is for intiger list is [1, 2, 3, 4, 5, 6, 7, 8, 9] and for string list is ['anurag', 'arunendra', 'naina', 'prachi']
2024-03-24 11:34:52,962 this operation is for interger [1, 2, 3, 4, 5, [6, 7, 8, 9], 'anurag', 'arunendra', 'naina', 'prachi']
2024-03-24 11:34:52,962 this operation is for interger [1, 2, 3, 4, 5, [6, 7, 8, 9], 'anurag', 'arunendra', 'naina', 'prachi']
2024-03-24 11:34:52,963 this operation is for interger [1, 2, 3, 4, 5, [6, 7, 8, 9], 'anurag', 'arunendra', 'naina', 'prachi']
2024-03-24 11:34:52,963 this operation is for interger [1, 2, 3, 4, 5, [6, 7, 8, 9], 'anurag', 'arunendra', 'naina', 'prachi']
2024-03-24 11:34:52,963 this operation is for interger [1, 2, 3, 4, 5, [6, 7, 8, 9], 'anurag', 'arunendra', 'naina', 'prachi']
2024-03-24 11:34:52,963 this operation is for interger [1, 2, 3, 4, 5, [6, 7, 8, 9], 'anurag', 'arunendra', 'naina', 'prachi']
2024-03-24 11:34:52,963 i am inside if statement and i am check list type
2024-03-24 11:34:52,963 this operation is for interger [1, 2, 3, 4, 5, [6, 7, 8, 9], 'anurag', 'arunendra', 'naina', 'prachi']
2024-03-24 11:34:52,963 my final result is for intiger list is [1, 2, 3, 4, 5, 6, 7, 8, 9] and for string list is ['anurag']
2024-03-24 11:34:52,963 this operation is for interger [1, 2, 3, 4, 5, [6, 7, 8, 9], 'anurag', 'arunendra', 'naina', 'prachi']
2024-03-24 11:34:52,963 my final result is for intiger list is [1, 2, 3, 4, 5, 6, 7, 8, 9] and for string list is ['anurag', 'arunendra']
2024-03-24 11:34:52,963 this operation is for interger [1, 2, 3, 4, 5, [6, 7, 8, 9], 'anurag', 'arunendra', 'naina', 'prachi']
2024-03-24 11:34:52,963 my final result is for intiger list is [1, 2, 3, 4, 5, 6, 7, 8, 9] and for string list is ['anurag', 'arunendra', 'naina']
2024-03-24 11:34:52,963 this operation is for interger [1, 2, 3, 4, 5, [6, 7, 8, 9], 'anurag', 'arunendra', 'naina', 'prachi']
2024-03-24 11:34:52,964 my final result is for intiger list is [1, 2, 3, 4, 5, 6, 7, 8, 9] and for string list is ['anurag', 'arunendra', 'naina', 'prachi']
2024-03-24 11:47:31,402 No such comm target registered: jupyter.widget.control
2024-03-24 11:47:31,403 No such comm: fdf59d65-5420-49c9-be3a-ad94fe5a074c
